 Image patientrecord-shell Building 
#1 [internal] load local bake definitions
#1 reading from stdin 603B done
#1 DONE 0.0s

#2 [internal] load build definition from Dockerfile
#2 transferring dockerfile: 691B 0.0s done
#2 DONE 0.3s

#3 [internal] load metadata for docker.io/library/node:24-alpine
#3 ...

#4 [internal] load metadata for docker.io/library/nginx:alpine
#4 DONE 0.5s

#3 [internal] load metadata for docker.io/library/node:24-alpine
#3 DONE 1.1s

#5 [internal] load .dockerignore
#5 transferring context: 2B 0.0s done
#5 DONE 0.1s

#6 [internal] load build context
#6 DONE 0.0s

#7 [builder  1/11] FROM docker.io/library/node:24-alpine@sha256:931d7d57f8c1fd0e2179dbff7cc7da4c9dd100998bc2b32afc85142d8efbc213
#7 resolve docker.io/library/node:24-alpine@sha256:931d7d57f8c1fd0e2179dbff7cc7da4c9dd100998bc2b32afc85142d8efbc213 0.2s done
#7 DONE 0.2s

#8 [stage-1 1/3] FROM docker.io/library/nginx:alpine@sha256:b0f7830b6bfaa1258f45d94c240ab668ced1b3651c8a222aefe6683447c7bf55
#8 resolve docker.io/library/nginx:alpine@sha256:b0f7830b6bfaa1258f45d94c240ab668ced1b3651c8a222aefe6683447c7bf55
#8 resolve docker.io/library/nginx:alpine@sha256:b0f7830b6bfaa1258f45d94c240ab668ced1b3651c8a222aefe6683447c7bf55 0.2s done
#8 DONE 0.2s

#6 [internal] load build context
#6 transferring context: 11.25kB 1.6s done
#6 DONE 1.7s

#9 [builder  2/11] WORKDIR /app
#9 CACHED

#10 [builder  3/11] COPY shared ../shared
#10 CACHED

#11 [builder  4/11] COPY tsconfig.base.json ../tsconfig.base.json
#11 CACHED

#12 [builder  5/11] COPY shell-app/package*.json ./
#12 CACHED

#13 [builder  6/11] COPY shell-app/src ./src
#13 DONE 0.3s

#14 [builder  7/11] COPY shell-app/angular.json ./
#14 DONE 0.3s

#15 [builder  8/11] COPY shell-app/tsconfig*.json ./
#15 DONE 0.2s

#16 [builder  9/11] COPY shell-app/webpack.config.js ./
#16 DONE 0.3s

#17 [builder 10/11] RUN npm install --no-audit --no-fund
#17 108.3 npm warn deprecated abab@2.0.6: Use your platform's native atob() and btoa() methods instead
#17 110.5 npm warn deprecated whatwg-encoding@2.0.0: Use @exodus/bytes instead for a more spec-conformant and faster implementation
#17 112.1 npm warn deprecated @humanwhocodes/config-array@0.13.0: Use @eslint/config-array instead
#17 112.3 npm warn deprecated @humanwhocodes/object-schema@2.0.3: Use @eslint/object-schema instead
#17 119.0 npm warn deprecated read-package-json@7.0.1: This package is no longer supported. Please use @npmcli/package-json instead.
#17 120.3 npm warn deprecated inflight@1.0.6: This module is not supported, and leaks memory. Do not use it. Check out lru-cache if you want a good and tested way to coalesce async requests by a key value, which is much more comprehensive and powerful.
#17 121.0 npm warn deprecated rimraf@3.0.2: Rimraf versions prior to v4 are no longer supported
#17 121.3 npm warn deprecated glob@7.2.3: Glob versions prior to v9 are no longer supported
#17 135.9 npm warn deprecated tar@6.2.1: Old versions of tar are not supported, and contain widely publicized security vulnerabilities, which have been fixed in the current version. Please update. Support for old versions may be purchased (at exhorbitant rates) by contacting i@izs.me
#17 170.2 npm warn deprecated eslint@8.57.1: This version is no longer supported. Please see https://eslint.org/version-support for other options.
#17 198.5 
#17 198.5 added 1329 packages in 3m
#17 198.5 npm notice
#17 198.5 npm notice New minor version of npm available! 11.6.2 -> 11.8.0
#17 198.5 npm notice Changelog: https://github.com/npm/cli/releases/tag/v11.8.0
#17 198.5 npm notice To update run: npm install -g npm@11.8.0
#17 198.5 npm notice
#17 DONE 200.3s

#18 [builder 11/11] RUN npm run build
#18 2.212 
#18 2.212 > patient-records-shell-app@0.1.0 build
#18 2.212 > ng build
#18 2.212 
#18 6.895 - Generating browser application bundles (phase: setup)...
#18 92.74 Γ£ö Browser application bundle generation complete.
#18 99.78 Γ£ö Browser application bundle generation complete.
#18 99.78 - Copying assets...
#18 99.81 Γ£ö Copying assets complete.
#18 99.81 - Generating index html...
#18 100.1 Γ£ö Index html generation complete.
#18 100.1 
#18 100.1 Initial chunk files           | Names         |  Raw size | Estimated transfer size
#18 100.1 main.a8acb42dca516368.js      | main          | 704.89 kB |               177.97 kB
#18 100.1 remoteEntry.js                | shellApp      | 602.65 kB |               155.16 kB
#18 100.1 polyfills.23ce91e954590df1.js | polyfills     | 591.24 kB |               151.78 kB
#18 100.1 styles.dd7caee638c50470.css   | styles        |   3.66 kB |                 1.12 kB
#18 100.1 
#18 100.1                               | Initial total |   1.86 MB |               486.03 kB
#18 100.1 
#18 100.1 Lazy chunk files              | Names         |  Raw size | Estimated transfer size
#18 100.1 common.a323620ca8010a6c.js    | common        |  14.68 kB |                 3.61 kB
#18 100.1 83.009295ab102b3afb.js        | -             |   6.61 kB |                 1.81 kB
#18 100.1                               | -             |   0 bytes |                       -
#18 100.1 
#18 100.1 Build at: 2026-01-27T20:21:24.048Z - Hash: 03eadbedef878cef - Time: 92085ms
#18 DONE 101.3s

#19 [stage-1 2/3] COPY nginx.conf /etc/nginx/conf.d/default.conf
#19 CACHED

#20 [stage-1 3/3] COPY --from=builder /app/dist/shell-app /usr/share/nginx/html
#20 DONE 0.3s

#21 exporting to image
#21 exporting layers
#21 exporting layers 1.3s done
#21 exporting manifest sha256:625f7dc2a0c0b0980826f62aa3f449d889880fd5f30d5fb9cf4d969d3c6b4b16
#21 exporting manifest sha256:625f7dc2a0c0b0980826f62aa3f449d889880fd5f30d5fb9cf4d969d3c6b4b16 0.2s done
#21 exporting config sha256:9f86310139489e0dd5de6b254c220f9f8aa890a37c67ac9c5c09913bbdc64661
#21 exporting config sha256:9f86310139489e0dd5de6b254c220f9f8aa890a37c67ac9c5c09913bbdc64661 0.1s done
#21 exporting attestation manifest sha256:940fb599c18d20e701ccb0eb8b6207712cd484e3e2126ab238a8cb6476307f78
#21 exporting attestation manifest sha256:940fb599c18d20e701ccb0eb8b6207712cd484e3e2126ab238a8cb6476307f78 0.2s done
#21 exporting manifest list sha256:f38b14168de21d215edcecb5207592a0c2c4b8e1e3c16838de7674c31036019d
#21 exporting manifest list sha256:f38b14168de21d215edcecb5207592a0c2c4b8e1e3c16838de7674c31036019d 0.1s done
#21 naming to docker.io/library/patientrecord-shell:latest
#21 naming to docker.io/library/patientrecord-shell:latest 0.0s done
#21 unpacking to docker.io/library/patientrecord-shell:latest
#21 unpacking to docker.io/library/patientrecord-shell:latest 0.4s done
#21 DONE 2.5s

#22 resolving provenance for metadata file
#22 DONE 0.3s
 Image patientrecord-shell Built 
